Build output check failed:
    Regex: 'argument .* is not valid'
    Output line: 'cc1: warning: ‘-Werror=’ argument ‘-Werror=non-virtual-dtor’ is not valid for C'
Compilation failed:
    source file: '/home/luoyu/Computer_Vision__Basis/opencv3/build/CMakeFiles/CMakeTmp/src.c'
    check option: ' -fsigned-char -W -Wall -Werror=return-type  -Werror=non-virtual-dtor'
===== BUILD LOG =====
Change Dir: /home/luoyu/Computer_Vision__Basis/opencv3/build/CMakeFiles/CMakeTmp

Run Build Command(s):/usr/bin/gmake -f Makefile cmTC_e6fa1/fast && /usr/bin/gmake  -f CMakeFiles/cmTC_e6fa1.dir/build.make CMakeFiles/cmTC_e6fa1.dir/build
gmake[1]: 进入目录“/home/luoyu/Computer_Vision__Basis/opencv3/build/CMakeFiles/CMakeTmp”
Building C object CMakeFiles/cmTC_e6fa1.dir/src.c.o
/usr/bin/cc   -O3 -DNDEBUG -fPIE    -fsigned-char -W -Wall -Werror=return-type  -Werror=non-virtual-dtor -o CMakeFiles/cmTC_e6fa1.dir/src.c.o -c /home/luoyu/Computer_Vision__Basis/opencv3/build/CMakeFiles/CMakeTmp/src.c
cc1: warning: ‘-Werror=’ argument ‘-Werror=non-virtual-dtor’ is not valid for C
/home/luoyu/Computer_Vision__Basis/opencv3/build/CMakeFiles/CMakeTmp/src.c:1: warning: ignoring ‘#pragma  ’ [-Wunknown-pragmas]
    1 | #pragma
      | 
Linking C executable cmTC_e6fa1
/usr/bin/cmake -E cmake_link_script CMakeFiles/cmTC_e6fa1.dir/link.txt --verbose=1
/usr/bin/cc -O3 -DNDEBUG -rdynamic CMakeFiles/cmTC_e6fa1.dir/src.c.o -o cmTC_e6fa1 
gmake[1]: 离开目录“/home/luoyu/Computer_Vision__Basis/opencv3/build/CMakeFiles/CMakeTmp”


===== END =====

Build output check failed:
    Regex: 'command[- ]line option .* is valid for .* but not for C\+\+'
    Output line: 'cc1plus: warning: command-line option ‘-Wmissing-prototypes’ is valid for C/ObjC but not for C++'
Compilation failed:
    source file: '/home/luoyu/Computer_Vision__Basis/opencv3/build/CMakeFiles/CMakeTmp/src.cxx'
    check option: ' -fsigned-char -W -Wall -Werror=return-type -Werror=non-virtual-dtor -Werror=address -Werror=sequence-point -Wformat -Werror=format-security -Wmissing-declarations  -Wmissing-prototypes'
===== BUILD LOG =====
Change Dir: /home/luoyu/Computer_Vision__Basis/opencv3/build/CMakeFiles/CMakeTmp

Run Build Command(s):/usr/bin/gmake -f Makefile cmTC_111dd/fast && /usr/bin/gmake  -f CMakeFiles/cmTC_111dd.dir/build.make CMakeFiles/cmTC_111dd.dir/build
gmake[1]: 进入目录“/home/luoyu/Computer_Vision__Basis/opencv3/build/CMakeFiles/CMakeTmp”
Building CXX object CMakeFiles/cmTC_111dd.dir/src.cxx.o
/usr/bin/c++   -O3 -DNDEBUG -fPIE    -fsigned-char -W -Wall -Werror=return-type -Werror=non-virtual-dtor -Werror=address -Werror=sequence-point -Wformat -Werror=format-security -Wmissing-declarations  -Wmissing-prototypes -o CMakeFiles/cmTC_111dd.dir/src.cxx.o -c /home/luoyu/Computer_Vision__Basis/opencv3/build/CMakeFiles/CMakeTmp/src.cxx
cc1plus: warning: command-line option ‘-Wmissing-prototypes’ is valid for C/ObjC but not for C++
/home/luoyu/Computer_Vision__Basis/opencv3/build/CMakeFiles/CMakeTmp/src.cxx:1: warning: ignoring ‘#pragma  ’ [-Wunknown-pragmas]
    1 | #pragma
      | 
Linking CXX executable cmTC_111dd
/usr/bin/cmake -E cmake_link_script CMakeFiles/cmTC_111dd.dir/link.txt --verbose=1
/usr/bin/c++ -O3 -DNDEBUG -rdynamic CMakeFiles/cmTC_111dd.dir/src.cxx.o -o cmTC_111dd 
gmake[1]: 离开目录“/home/luoyu/Computer_Vision__Basis/opencv3/build/CMakeFiles/CMakeTmp”


===== END =====

Build output check failed:
    Regex: 'command[- ]line option .* is valid for .* but not for C\+\+'
    Output line: 'cc1plus: warning: command-line option ‘-Wstrict-prototypes’ is valid for C/ObjC but not for C++'
Compilation failed:
    source file: '/home/luoyu/Computer_Vision__Basis/opencv3/build/CMakeFiles/CMakeTmp/src.cxx'
    check option: ' -fsigned-char -W -Wall -Werror=return-type -Werror=non-virtual-dtor -Werror=address -Werror=sequence-point -Wformat -Werror=format-security -Wmissing-declarations  -Wstrict-prototypes'
===== BUILD LOG =====
Change Dir: /home/luoyu/Computer_Vision__Basis/opencv3/build/CMakeFiles/CMakeTmp

Run Build Command(s):/usr/bin/gmake -f Makefile cmTC_f8b33/fast && /usr/bin/gmake  -f CMakeFiles/cmTC_f8b33.dir/build.make CMakeFiles/cmTC_f8b33.dir/build
gmake[1]: 进入目录“/home/luoyu/Computer_Vision__Basis/opencv3/build/CMakeFiles/CMakeTmp”
Building CXX object CMakeFiles/cmTC_f8b33.dir/src.cxx.o
/usr/bin/c++   -O3 -DNDEBUG -fPIE    -fsigned-char -W -Wall -Werror=return-type -Werror=non-virtual-dtor -Werror=address -Werror=sequence-point -Wformat -Werror=format-security -Wmissing-declarations  -Wstrict-prototypes -o CMakeFiles/cmTC_f8b33.dir/src.cxx.o -c /home/luoyu/Computer_Vision__Basis/opencv3/build/CMakeFiles/CMakeTmp/src.cxx
cc1plus: warning: command-line option ‘-Wstrict-prototypes’ is valid for C/ObjC but not for C++
/home/luoyu/Computer_Vision__Basis/opencv3/build/CMakeFiles/CMakeTmp/src.cxx:1: warning: ignoring ‘#pragma  ’ [-Wunknown-pragmas]
    1 | #pragma
      | 
Linking CXX executable cmTC_f8b33
/usr/bin/cmake -E cmake_link_script CMakeFiles/cmTC_f8b33.dir/link.txt --verbose=1
/usr/bin/c++ -O3 -DNDEBUG -rdynamic CMakeFiles/cmTC_f8b33.dir/src.cxx.o -o cmTC_f8b33 
gmake[1]: 离开目录“/home/luoyu/Computer_Vision__Basis/opencv3/build/CMakeFiles/CMakeTmp”


===== END =====

Build output check failed:
    Regex: 'command[- ]line option .* is valid for .* but not for C'
    Output line: 'cc1: warning: command-line option ‘-Wsign-promo’ is valid for C++/ObjC++ but not for C'
Compilation failed:
    source file: '/home/luoyu/Computer_Vision__Basis/opencv3/build/CMakeFiles/CMakeTmp/src.c'
    check option: ' -fsigned-char -W -Wall -Werror=return-type -Werror=address -Werror=sequence-point -Wformat -Werror=format-security -Wmissing-declarations -Wmissing-prototypes -Wstrict-prototypes -Wundef -Winit-self -Wpointer-arith -Wshadow  -Wsign-promo'
===== BUILD LOG =====
Change Dir: /home/luoyu/Computer_Vision__Basis/opencv3/build/CMakeFiles/CMakeTmp

Run Build Command(s):/usr/bin/gmake -f Makefile cmTC_25166/fast && /usr/bin/gmake  -f CMakeFiles/cmTC_25166.dir/build.make CMakeFiles/cmTC_25166.dir/build
gmake[1]: 进入目录“/home/luoyu/Computer_Vision__Basis/opencv3/build/CMakeFiles/CMakeTmp”
Building C object CMakeFiles/cmTC_25166.dir/src.c.o
/usr/bin/cc   -O3 -DNDEBUG -fPIE    -fsigned-char -W -Wall -Werror=return-type -Werror=address -Werror=sequence-point -Wformat -Werror=format-security -Wmissing-declarations -Wmissing-prototypes -Wstrict-prototypes -Wundef -Winit-self -Wpointer-arith -Wshadow  -Wsign-promo -o CMakeFiles/cmTC_25166.dir/src.c.o -c /home/luoyu/Computer_Vision__Basis/opencv3/build/CMakeFiles/CMakeTmp/src.c
cc1: warning: command-line option ‘-Wsign-promo’ is valid for C++/ObjC++ but not for C
/home/luoyu/Computer_Vision__Basis/opencv3/build/CMakeFiles/CMakeTmp/src.c:1: warning: ignoring ‘#pragma  ’ [-Wunknown-pragmas]
    1 | #pragma
      | 
Linking C executable cmTC_25166
/usr/bin/cmake -E cmake_link_script CMakeFiles/cmTC_25166.dir/link.txt --verbose=1
/usr/bin/cc -O3 -DNDEBUG -rdynamic CMakeFiles/cmTC_25166.dir/src.c.o -o cmTC_25166 
gmake[1]: 离开目录“/home/luoyu/Computer_Vision__Basis/opencv3/build/CMakeFiles/CMakeTmp”


===== END =====

Build output check failed:
    Regex: 'command[- ]line option .* is valid for .* but not for C'
    Output line: 'cc1: warning: command-line option ‘-Wsuggest-override’ is valid for C++/ObjC++ but not for C'
Compilation failed:
    source file: '/home/luoyu/Computer_Vision__Basis/opencv3/build/CMakeFiles/CMakeTmp/src.c'
    check option: ' -fsigned-char -W -Wall -Werror=return-type -Werror=address -Werror=sequence-point -Wformat -Werror=format-security -Wmissing-declarations -Wmissing-prototypes -Wstrict-prototypes -Wundef -Winit-self -Wpointer-arith -Wshadow -Wuninitialized  -Wsuggest-override'
===== BUILD LOG =====
Change Dir: /home/luoyu/Computer_Vision__Basis/opencv3/build/CMakeFiles/CMakeTmp

Run Build Command(s):/usr/bin/gmake -f Makefile cmTC_10908/fast && /usr/bin/gmake  -f CMakeFiles/cmTC_10908.dir/build.make CMakeFiles/cmTC_10908.dir/build
gmake[1]: 进入目录“/home/luoyu/Computer_Vision__Basis/opencv3/build/CMakeFiles/CMakeTmp”
Building C object CMakeFiles/cmTC_10908.dir/src.c.o
/usr/bin/cc   -O3 -DNDEBUG -fPIE    -fsigned-char -W -Wall -Werror=return-type -Werror=address -Werror=sequence-point -Wformat -Werror=format-security -Wmissing-declarations -Wmissing-prototypes -Wstrict-prototypes -Wundef -Winit-self -Wpointer-arith -Wshadow -Wuninitialized  -Wsuggest-override -o CMakeFiles/cmTC_10908.dir/src.c.o -c /home/luoyu/Computer_Vision__Basis/opencv3/build/CMakeFiles/CMakeTmp/src.c
cc1: warning: command-line option ‘-Wsuggest-override’ is valid for C++/ObjC++ but not for C
/home/luoyu/Computer_Vision__Basis/opencv3/build/CMakeFiles/CMakeTmp/src.c:1: warning: ignoring ‘#pragma  ’ [-Wunknown-pragmas]
    1 | #pragma
      | 
Linking C executable cmTC_10908
/usr/bin/cmake -E cmake_link_script CMakeFiles/cmTC_10908.dir/link.txt --verbose=1
/usr/bin/cc -O3 -DNDEBUG -rdynamic CMakeFiles/cmTC_10908.dir/src.c.o -o cmTC_10908 
gmake[1]: 离开目录“/home/luoyu/Computer_Vision__Basis/opencv3/build/CMakeFiles/CMakeTmp”


===== END =====

Build output check failed:
    Regex: 'command[- ]line option .* is valid for .* but not for C'
    Output line: 'cc1: warning: command-line option ‘-Wno-delete-non-virtual-dtor’ is valid for C++/ObjC++ but not for C'
Compilation failed:
    source file: '/home/luoyu/Computer_Vision__Basis/opencv3/build/CMakeFiles/CMakeTmp/src.c'
    check option: ' -fsigned-char -W -Wall -Werror=return-type -Werror=address -Werror=sequence-point -Wformat -Werror=format-security -Wmissing-declarations -Wmissing-prototypes -Wstrict-prototypes -Wundef -Winit-self -Wpointer-arith -Wshadow -Wuninitialized  -Wno-delete-non-virtual-dtor'
===== BUILD LOG =====
Change Dir: /home/luoyu/Computer_Vision__Basis/opencv3/build/CMakeFiles/CMakeTmp

Run Build Command(s):/usr/bin/gmake -f Makefile cmTC_3d652/fast && /usr/bin/gmake  -f CMakeFiles/cmTC_3d652.dir/build.make CMakeFiles/cmTC_3d652.dir/build
gmake[1]: 进入目录“/home/luoyu/Computer_Vision__Basis/opencv3/build/CMakeFiles/CMakeTmp”
Building C object CMakeFiles/cmTC_3d652.dir/src.c.o
/usr/bin/cc   -O3 -DNDEBUG -fPIE    -fsigned-char -W -Wall -Werror=return-type -Werror=address -Werror=sequence-point -Wformat -Werror=format-security -Wmissing-declarations -Wmissing-prototypes -Wstrict-prototypes -Wundef -Winit-self -Wpointer-arith -Wshadow -Wuninitialized  -Wno-delete-non-virtual-dtor -o CMakeFiles/cmTC_3d652.dir/src.c.o -c /home/luoyu/Computer_Vision__Basis/opencv3/build/CMakeFiles/CMakeTmp/src.c
cc1: warning: command-line option ‘-Wno-delete-non-virtual-dtor’ is valid for C++/ObjC++ but not for C
/home/luoyu/Computer_Vision__Basis/opencv3/build/CMakeFiles/CMakeTmp/src.c:1: warning: ignoring ‘#pragma  ’ [-Wunknown-pragmas]
    1 | #pragma
      | 
Linking C executable cmTC_3d652
/usr/bin/cmake -E cmake_link_script CMakeFiles/cmTC_3d652.dir/link.txt --verbose=1
/usr/bin/cc -O3 -DNDEBUG -rdynamic CMakeFiles/cmTC_3d652.dir/src.c.o -o cmTC_3d652 
gmake[1]: 离开目录“/home/luoyu/Computer_Vision__Basis/opencv3/build/CMakeFiles/CMakeTmp”


===== END =====

Build output check failed:
    Regex: 'unrecognized .*option'
    Output line: 'cc1plus: note: unrecognized command-line option ‘-Wno-unnamed-type-template-args’ may have been intended to silence earlier diagnostics'
Compilation failed:
    source file: '/home/luoyu/Computer_Vision__Basis/opencv3/build/CMakeFiles/CMakeTmp/src.cxx'
    check option: ' -fsigned-char -W -Wall -Werror=return-type -Werror=non-virtual-dtor -Werror=address -Werror=sequence-point -Wformat -Werror=format-security -Wmissing-declarations -Wundef -Winit-self -Wpointer-arith -Wshadow -Wsign-promo -Wuninitialized -Wsuggest-override -Wno-delete-non-virtual-dtor  -Wno-unnamed-type-template-args'
===== BUILD LOG =====
Change Dir: /home/luoyu/Computer_Vision__Basis/opencv3/build/CMakeFiles/CMakeTmp

Run Build Command(s):/usr/bin/gmake -f Makefile cmTC_fccee/fast && /usr/bin/gmake  -f CMakeFiles/cmTC_fccee.dir/build.make CMakeFiles/cmTC_fccee.dir/build
gmake[1]: 进入目录“/home/luoyu/Computer_Vision__Basis/opencv3/build/CMakeFiles/CMakeTmp”
Building CXX object CMakeFiles/cmTC_fccee.dir/src.cxx.o
/usr/bin/c++   -O3 -DNDEBUG -fPIE    -fsigned-char -W -Wall -Werror=return-type -Werror=non-virtual-dtor -Werror=address -Werror=sequence-point -Wformat -Werror=format-security -Wmissing-declarations -Wundef -Winit-self -Wpointer-arith -Wshadow -Wsign-promo -Wuninitialized -Wsuggest-override -Wno-delete-non-virtual-dtor  -Wno-unnamed-type-template-args -o CMakeFiles/cmTC_fccee.dir/src.cxx.o -c /home/luoyu/Computer_Vision__Basis/opencv3/build/CMakeFiles/CMakeTmp/src.cxx
/home/luoyu/Computer_Vision__Basis/opencv3/build/CMakeFiles/CMakeTmp/src.cxx:1: warning: ignoring ‘#pragma  ’ [-Wunknown-pragmas]
    1 | #pragma
      | 
cc1plus: note: unrecognized command-line option ‘-Wno-unnamed-type-template-args’ may have been intended to silence earlier diagnostics
Linking CXX executable cmTC_fccee
/usr/bin/cmake -E cmake_link_script CMakeFiles/cmTC_fccee.dir/link.txt --verbose=1
/usr/bin/c++ -O3 -DNDEBUG -rdynamic CMakeFiles/cmTC_fccee.dir/src.cxx.o -o cmTC_fccee 
gmake[1]: 离开目录“/home/luoyu/Computer_Vision__Basis/opencv3/build/CMakeFiles/CMakeTmp”


===== END =====

Build output check failed:
    Regex: 'unrecognized .*option'
    Output line: 'cc1: note: unrecognized command-line option ‘-Wno-unnamed-type-template-args’ may have been intended to silence earlier diagnostics'
Compilation failed:
    source file: '/home/luoyu/Computer_Vision__Basis/opencv3/build/CMakeFiles/CMakeTmp/src.c'
    check option: ' -fsigned-char -W -Wall -Werror=return-type -Werror=address -Werror=sequence-point -Wformat -Werror=format-security -Wmissing-declarations -Wmissing-prototypes -Wstrict-prototypes -Wundef -Winit-self -Wpointer-arith -Wshadow -Wuninitialized  -Wno-unnamed-type-template-args'
===== BUILD LOG =====
Change Dir: /home/luoyu/Computer_Vision__Basis/opencv3/build/CMakeFiles/CMakeTmp

Run Build Command(s):/usr/bin/gmake -f Makefile cmTC_a1fc7/fast && /usr/bin/gmake  -f CMakeFiles/cmTC_a1fc7.dir/build.make CMakeFiles/cmTC_a1fc7.dir/build
gmake[1]: 进入目录“/home/luoyu/Computer_Vision__Basis/opencv3/build/CMakeFiles/CMakeTmp”
Building C object CMakeFiles/cmTC_a1fc7.dir/src.c.o
/usr/bin/cc   -O3 -DNDEBUG -fPIE    -fsigned-char -W -Wall -Werror=return-type -Werror=address -Werror=sequence-point -Wformat -Werror=format-security -Wmissing-declarations -Wmissing-prototypes -Wstrict-prototypes -Wundef -Winit-self -Wpointer-arith -Wshadow -Wuninitialized  -Wno-unnamed-type-template-args -o CMakeFiles/cmTC_a1fc7.dir/src.c.o -c /home/luoyu/Computer_Vision__Basis/opencv3/build/CMakeFiles/CMakeTmp/src.c
/home/luoyu/Computer_Vision__Basis/opencv3/build/CMakeFiles/CMakeTmp/src.c:1: warning: ignoring ‘#pragma  ’ [-Wunknown-pragmas]
    1 | #pragma
      | 
cc1: note: unrecognized command-line option ‘-Wno-unnamed-type-template-args’ may have been intended to silence earlier diagnostics
Linking C executable cmTC_a1fc7
/usr/bin/cmake -E cmake_link_script CMakeFiles/cmTC_a1fc7.dir/link.txt --verbose=1
/usr/bin/cc -O3 -DNDEBUG -rdynamic CMakeFiles/cmTC_a1fc7.dir/src.c.o -o cmTC_a1fc7 
gmake[1]: 离开目录“/home/luoyu/Computer_Vision__Basis/opencv3/build/CMakeFiles/CMakeTmp”


===== END =====

Build output check failed:
    Regex: 'command[- ]line option .* is valid for .* but not for C'
    Output line: 'cc1: warning: command-line option ‘-fvisibility-inlines-hidden’ is valid for C++/ObjC++ but not for C'
Compilation failed:
    source file: '/home/luoyu/Computer_Vision__Basis/opencv3/build/CMakeFiles/CMakeTmp/src.c'
    check option: ' -fsigned-char -W -Wall -Werror=return-type -Werror=address -Werror=sequence-point -Wformat -Werror=format-security -Wmissing-declarations -Wmissing-prototypes -Wstrict-prototypes -Wundef -Winit-self -Wpointer-arith -Wshadow -Wuninitialized -Wno-comment -Wimplicit-fallthrough=3 -Wno-strict-overflow -fdiagnostics-show-option -Wno-long-long -pthread -fomit-frame-pointer -ffunction-sections -fdata-sections  -msse -msse2 -msse3 -fvisibility=hidden  -fvisibility-inlines-hidden'
===== BUILD LOG =====
Change Dir: /home/luoyu/Computer_Vision__Basis/opencv3/build/CMakeFiles/CMakeTmp

Run Build Command(s):/usr/bin/gmake -f Makefile cmTC_cf4bc/fast && /usr/bin/gmake  -f CMakeFiles/cmTC_cf4bc.dir/build.make CMakeFiles/cmTC_cf4bc.dir/build
gmake[1]: 进入目录“/home/luoyu/Computer_Vision__Basis/opencv3/build/CMakeFiles/CMakeTmp”
Building C object CMakeFiles/cmTC_cf4bc.dir/src.c.o
/usr/bin/cc   -O3 -DNDEBUG -fPIE    -fsigned-char -W -Wall -Werror=return-type -Werror=address -Werror=sequence-point -Wformat -Werror=format-security -Wmissing-declarations -Wmissing-prototypes -Wstrict-prototypes -Wundef -Winit-self -Wpointer-arith -Wshadow -Wuninitialized -Wno-comment -Wimplicit-fallthrough=3 -Wno-strict-overflow -fdiagnostics-show-option -Wno-long-long -pthread -fomit-frame-pointer -ffunction-sections -fdata-sections  -msse -msse2 -msse3 -fvisibility=hidden  -fvisibility-inlines-hidden -o CMakeFiles/cmTC_cf4bc.dir/src.c.o -c /home/luoyu/Computer_Vision__Basis/opencv3/build/CMakeFiles/CMakeTmp/src.c
cc1: warning: command-line option ‘-fvisibility-inlines-hidden’ is valid for C++/ObjC++ but not for C
/home/luoyu/Computer_Vision__Basis/opencv3/build/CMakeFiles/CMakeTmp/src.c:1: warning: ignoring ‘#pragma  ’ [-Wunknown-pragmas]
    1 | #pragma
      | 
Linking C executable cmTC_cf4bc
/usr/bin/cmake -E cmake_link_script CMakeFiles/cmTC_cf4bc.dir/link.txt --verbose=1
/usr/bin/cc -O3 -DNDEBUG -rdynamic CMakeFiles/cmTC_cf4bc.dir/src.c.o -o cmTC_cf4bc 
gmake[1]: 离开目录“/home/luoyu/Computer_Vision__Basis/opencv3/build/CMakeFiles/CMakeTmp”


===== END =====

Build output check failed:
    Regex: 'unrecognized .*option'
    Output line: 'cc1plus: note: unrecognized command-line option ‘-Wno-inconsistent-missing-override’ may have been intended to silence earlier diagnostics'
Compilation failed:
    source file: '/home/luoyu/Computer_Vision__Basis/opencv3/build/CMakeFiles/CMakeTmp/src.cxx'
    check option: ' -Wno-inconsistent-missing-override'
===== BUILD LOG =====
Change Dir: /home/luoyu/Computer_Vision__Basis/opencv3/build/CMakeFiles/CMakeTmp

Run Build Command(s):/usr/bin/gmake -f Makefile cmTC_07825/fast && /usr/bin/gmake  -f CMakeFiles/cmTC_07825.dir/build.make CMakeFiles/cmTC_07825.dir/build
gmake[1]: 进入目录“/home/luoyu/Computer_Vision__Basis/opencv3/build/CMakeFiles/CMakeTmp”
Building CXX object CMakeFiles/cmTC_07825.dir/src.cxx.o
/usr/bin/c++   -fsigned-char -W -Wall -Werror=return-type -Werror=non-virtual-dtor -Werror=address -Werror=sequence-point -Wformat -Werror=format-security -Winit-self -Wpointer-arith -Wsign-promo -Wno-delete-non-virtual-dtor -Wno-comment -Wimplicit-fallthrough=3 -Wno-strict-overflow -fdiagnostics-show-option -Wno-long-long -pthread -fomit-frame-pointer -ffunction-sections -fdata-sections  -msse -msse2 -msse3 -fvisibility=hidden -fvisibility-inlines-hidden -Wno-shadow -Wno-unused -Wno-sign-compare -Wno-undef -Wno-missing-declarations -Wno-uninitialized -Wno-switch -Wno-parentheses -Wno-array-bounds -Wno-extra -Wno-deprecated-declarations -Wno-misleading-indentation -Wno-deprecated -Wno-suggest-override  -O3 -DNDEBUG  -DNDEBUG -fPIE    -Wno-inconsistent-missing-override -o CMakeFiles/cmTC_07825.dir/src.cxx.o -c /home/luoyu/Computer_Vision__Basis/opencv3/build/CMakeFiles/CMakeTmp/src.cxx
/home/luoyu/Computer_Vision__Basis/opencv3/build/CMakeFiles/CMakeTmp/src.cxx:1: warning: ignoring ‘#pragma  ’ [-Wunknown-pragmas]
    1 | #pragma
      | 
cc1plus: note: unrecognized command-line option ‘-Wno-inconsistent-missing-override’ may have been intended to silence earlier diagnostics
Linking CXX executable cmTC_07825
/usr/bin/cmake -E cmake_link_script CMakeFiles/cmTC_07825.dir/link.txt --verbose=1
/usr/bin/c++    -fsigned-char -W -Wall -Werror=return-type -Werror=non-virtual-dtor -Werror=address -Werror=sequence-point -Wformat -Werror=format-security -Winit-self -Wpointer-arith -Wsign-promo -Wno-delete-non-virtual-dtor -Wno-comment -Wimplicit-fallthrough=3 -Wno-strict-overflow -fdiagnostics-show-option -Wno-long-long -pthread -fomit-frame-pointer -ffunction-sections -fdata-sections  -msse -msse2 -msse3 -fvisibility=hidden -fvisibility-inlines-hidden -Wno-shadow -Wno-unused -Wno-sign-compare -Wno-undef -Wno-missing-declarations -Wno-uninitialized -Wno-switch -Wno-parentheses -Wno-array-bounds -Wno-extra -Wno-deprecated-declarations -Wno-misleading-indentation -Wno-deprecated -Wno-suggest-override  -O3 -DNDEBUG  -DNDEBUG   -Wl,--gc-sections -Wl,--as-needed  -rdynamic CMakeFiles/cmTC_07825.dir/src.cxx.o -o cmTC_07825 
gmake[1]: 离开目录“/home/luoyu/Computer_Vision__Basis/opencv3/build/CMakeFiles/CMakeTmp”


===== END =====

Build output check failed:
    Regex: 'command[- ]line option .* is valid for .* but not for C\+\+'
    Output line: 'cc1plus: warning: command-line option ‘-Wno-missing-prototypes’ is valid for C/ObjC but not for C++'
Compilation failed:
    source file: '/home/luoyu/Computer_Vision__Basis/opencv3/build/CMakeFiles/CMakeTmp/src.cxx'
    check option: ' -Wno-missing-prototypes'
===== BUILD LOG =====
Change Dir: /home/luoyu/Computer_Vision__Basis/opencv3/build/CMakeFiles/CMakeTmp

Run Build Command(s):/usr/bin/gmake -f Makefile cmTC_5b962/fast && /usr/bin/gmake  -f CMakeFiles/cmTC_5b962.dir/build.make CMakeFiles/cmTC_5b962.dir/build
gmake[1]: 进入目录“/home/luoyu/Computer_Vision__Basis/opencv3/build/CMakeFiles/CMakeTmp”
Building CXX object CMakeFiles/cmTC_5b962.dir/src.cxx.o
/usr/bin/c++   -fsigned-char -W -Wall -Werror=return-type -Werror=non-virtual-dtor -Werror=address -Werror=sequence-point -Wformat -Werror=format-security -Winit-self -Wpointer-arith -Wsign-promo -Wno-delete-non-virtual-dtor -Wno-comment -Wno-strict-overflow -fdiagnostics-show-option -Wno-long-long -pthread -fomit-frame-pointer -ffunction-sections -fdata-sections  -msse -msse2 -msse3 -fvisibility=hidden -fvisibility-inlines-hidden -Wno-shadow -Wno-unused -Wno-sign-compare -Wno-undef -Wno-missing-declarations -Wno-uninitialized -Wno-switch -Wno-parentheses -Wno-array-bounds -Wno-extra -Wno-deprecated-declarations -Wno-misleading-indentation -Wno-deprecated -Wno-suggest-override -Wno-implicit-fallthrough -Wno-tautological-compare  -O3 -DNDEBUG  -DNDEBUG -fPIE    -Wno-missing-prototypes -o CMakeFiles/cmTC_5b962.dir/src.cxx.o -c /home/luoyu/Computer_Vision__Basis/opencv3/build/CMakeFiles/CMakeTmp/src.cxx
cc1plus: warning: command-line option ‘-Wno-missing-prototypes’ is valid for C/ObjC but not for C++
/home/luoyu/Computer_Vision__Basis/opencv3/build/CMakeFiles/CMakeTmp/src.cxx:1: warning: ignoring ‘#pragma  ’ [-Wunknown-pragmas]
    1 | #pragma
      | 
Linking CXX executable cmTC_5b962
/usr/bin/cmake -E cmake_link_script CMakeFiles/cmTC_5b962.dir/link.txt --verbose=1
/usr/bin/c++    -fsigned-char -W -Wall -Werror=return-type -Werror=non-virtual-dtor -Werror=address -Werror=sequence-point -Wformat -Werror=format-security -Winit-self -Wpointer-arith -Wsign-promo -Wno-delete-non-virtual-dtor -Wno-comment -Wno-strict-overflow -fdiagnostics-show-option -Wno-long-long -pthread -fomit-frame-pointer -ffunction-sections -fdata-sections  -msse -msse2 -msse3 -fvisibility=hidden -fvisibility-inlines-hidden -Wno-shadow -Wno-unused -Wno-sign-compare -Wno-undef -Wno-missing-declarations -Wno-uninitialized -Wno-switch -Wno-parentheses -Wno-array-bounds -Wno-extra -Wno-deprecated-declarations -Wno-misleading-indentation -Wno-deprecated -Wno-suggest-override -Wno-implicit-fallthrough -Wno-tautological-compare  -O3 -DNDEBUG  -DNDEBUG   -Wl,--gc-sections -Wl,--as-needed  -rdynamic CMakeFiles/cmTC_5b962.dir/src.cxx.o -o cmTC_5b962 
gmake[1]: 离开目录“/home/luoyu/Computer_Vision__Basis/opencv3/build/CMakeFiles/CMakeTmp”


===== END =====

Determining if the include file linux/videodev.h exists failed with the following output:
Change Dir: /home/luoyu/Computer_Vision__Basis/opencv3/build/CMakeFiles/CMakeTmp

Run Build Command(s):/usr/bin/gmake -f Makefile cmTC_7c374/fast && /usr/bin/gmake  -f CMakeFiles/cmTC_7c374.dir/build.make CMakeFiles/cmTC_7c374.dir/build
gmake[1]: 进入目录“/home/luoyu/Computer_Vision__Basis/opencv3/build/CMakeFiles/CMakeTmp”
Building C object CMakeFiles/cmTC_7c374.dir/CheckIncludeFile.c.o
/usr/bin/cc   -fsigned-char -W -Wall -Werror=return-type -Werror=address -Werror=sequence-point -Wformat -Werror=format-security -Wmissing-declarations -Wmissing-prototypes -Wstrict-prototypes -Wundef -Winit-self -Wpointer-arith -Wshadow -Wuninitialized -Wno-comment -Wimplicit-fallthrough=3 -Wno-strict-overflow -fdiagnostics-show-option -Wno-long-long -pthread -fomit-frame-pointer -ffunction-sections -fdata-sections  -msse -msse2 -msse3 -fvisibility=hidden  -O3 -DNDEBUG  -DNDEBUG -fPIE -o CMakeFiles/cmTC_7c374.dir/CheckIncludeFile.c.o -c /home/luoyu/Computer_Vision__Basis/opencv3/build/CMakeFiles/CMakeTmp/CheckIncludeFile.c
/home/luoyu/Computer_Vision__Basis/opencv3/build/CMakeFiles/CMakeTmp/CheckIncludeFile.c:1:10: fatal error: linux/videodev.h: 没有那个文件或目录
    1 | #include <linux/videodev.h>
      |          ^~~~~~~~~~~~~~~~~~
compilation terminated.
gmake[1]: *** [CMakeFiles/cmTC_7c374.dir/build.make:78：CMakeFiles/cmTC_7c374.dir/CheckIncludeFile.c.o] 错误 1
gmake[1]: 离开目录“/home/luoyu/Computer_Vision__Basis/opencv3/build/CMakeFiles/CMakeTmp”
gmake: *** [Makefile:127：cmTC_7c374/fast] 错误 2



Determining if the include file sys/videoio.h exists failed with the following output:
Change Dir: /home/luoyu/Computer_Vision__Basis/opencv3/build/CMakeFiles/CMakeTmp

Run Build Command(s):/usr/bin/gmake -f Makefile cmTC_a0972/fast && /usr/bin/gmake  -f CMakeFiles/cmTC_a0972.dir/build.make CMakeFiles/cmTC_a0972.dir/build
gmake[1]: 进入目录“/home/luoyu/Computer_Vision__Basis/opencv3/build/CMakeFiles/CMakeTmp”
Building C object CMakeFiles/cmTC_a0972.dir/CheckIncludeFile.c.o
/usr/bin/cc   -fsigned-char -W -Wall -Werror=return-type -Werror=address -Werror=sequence-point -Wformat -Werror=format-security -Wmissing-declarations -Wmissing-prototypes -Wstrict-prototypes -Wundef -Winit-self -Wpointer-arith -Wshadow -Wuninitialized -Wno-comment -Wimplicit-fallthrough=3 -Wno-strict-overflow -fdiagnostics-show-option -Wno-long-long -pthread -fomit-frame-pointer -ffunction-sections -fdata-sections  -msse -msse2 -msse3 -fvisibility=hidden  -O3 -DNDEBUG  -DNDEBUG -fPIE -o CMakeFiles/cmTC_a0972.dir/CheckIncludeFile.c.o -c /home/luoyu/Computer_Vision__Basis/opencv3/build/CMakeFiles/CMakeTmp/CheckIncludeFile.c
/home/luoyu/Computer_Vision__Basis/opencv3/build/CMakeFiles/CMakeTmp/CheckIncludeFile.c:1:10: fatal error: sys/videoio.h: 没有那个文件或目录
    1 | #include <sys/videoio.h>
      |          ^~~~~~~~~~~~~~~
compilation terminated.
gmake[1]: *** [CMakeFiles/cmTC_a0972.dir/build.make:78：CMakeFiles/cmTC_a0972.dir/CheckIncludeFile.c.o] 错误 1
gmake[1]: 离开目录“/home/luoyu/Computer_Vision__Basis/opencv3/build/CMakeFiles/CMakeTmp”
gmake: *** [Makefile:127：cmTC_a0972/fast] 错误 2



Determining if the function sgemm_ exists failed with the following output:
Change Dir: /home/luoyu/Computer_Vision__Basis/opencv3/build/CMakeFiles/CMakeTmp

Run Build Command(s):/usr/bin/gmake -f Makefile cmTC_52936/fast && /usr/bin/gmake  -f CMakeFiles/cmTC_52936.dir/build.make CMakeFiles/cmTC_52936.dir/build
gmake[1]: 进入目录“/home/luoyu/Computer_Vision__Basis/opencv3/build/CMakeFiles/CMakeTmp”
Building C object CMakeFiles/cmTC_52936.dir/CheckFunctionExists.c.o
/usr/bin/cc   -fsigned-char -W -Wall -Werror=return-type -Werror=address -Werror=sequence-point -Wformat -Werror=format-security -Wmissing-declarations -Wmissing-prototypes -Wstrict-prototypes -Wundef -Winit-self -Wpointer-arith -Wshadow -Wuninitialized -Wno-comment -Wimplicit-fallthrough=3 -Wno-strict-overflow -fdiagnostics-show-option -Wno-long-long -pthread -fomit-frame-pointer -ffunction-sections -fdata-sections  -msse -msse2 -msse3 -fvisibility=hidden -DCHECK_FUNCTION_EXISTS=sgemm_ -O3 -DNDEBUG  -DNDEBUG -fPIE -o CMakeFiles/cmTC_52936.dir/CheckFunctionExists.c.o -c /usr/share/cmake-3.22/Modules/CheckFunctionExists.c
Linking C executable cmTC_52936
/usr/bin/cmake -E cmake_link_script CMakeFiles/cmTC_52936.dir/link.txt --verbose=1
/usr/bin/cc    -fsigned-char -W -Wall -Werror=return-type -Werror=address -Werror=sequence-point -Wformat -Werror=format-security -Wmissing-declarations -Wmissing-prototypes -Wstrict-prototypes -Wundef -Winit-self -Wpointer-arith -Wshadow -Wuninitialized -Wno-comment -Wimplicit-fallthrough=3 -Wno-strict-overflow -fdiagnostics-show-option -Wno-long-long -pthread -fomit-frame-pointer -ffunction-sections -fdata-sections  -msse -msse2 -msse3 -fvisibility=hidden -DCHECK_FUNCTION_EXISTS=sgemm_ -O3 -DNDEBUG  -DNDEBUG   -Wl,--gc-sections -Wl,--as-needed  -rdynamic CMakeFiles/cmTC_52936.dir/CheckFunctionExists.c.o -o cmTC_52936 
/usr/bin/ld: CMakeFiles/cmTC_52936.dir/CheckFunctionExists.c.o: in function `main':
CheckFunctionExists.c:(.text.startup.main+0x10): undefined reference to `sgemm_'
collect2: error: ld returned 1 exit status
gmake[1]: *** [CMakeFiles/cmTC_52936.dir/build.make:99：cmTC_52936] 错误 1
gmake[1]: 离开目录“/home/luoyu/Computer_Vision__Basis/opencv3/build/CMakeFiles/CMakeTmp”
gmake: *** [Makefile:127：cmTC_52936/fast] 错误 2



Build output check failed:
    Regex: 'unrecognized .*option'
    Output line: 'cc1plus: note: unrecognized command-line option ‘-Wno-tautological-undefined-compare’ may have been intended to silence earlier diagnostics'
Compilation failed:
    source file: '/home/luoyu/Computer_Vision__Basis/opencv3/build/CMakeFiles/CMakeTmp/src.cxx'
    check option: ' -Wno-tautological-undefined-compare'
===== BUILD LOG =====
Change Dir: /home/luoyu/Computer_Vision__Basis/opencv3/build/CMakeFiles/CMakeTmp

Run Build Command(s):/usr/bin/gmake -f Makefile cmTC_3d373/fast && /usr/bin/gmake  -f CMakeFiles/cmTC_3d373.dir/build.make CMakeFiles/cmTC_3d373.dir/build
gmake[1]: 进入目录“/home/luoyu/Computer_Vision__Basis/opencv3/build/CMakeFiles/CMakeTmp”
Building CXX object CMakeFiles/cmTC_3d373.dir/src.cxx.o
/usr/bin/c++   -fsigned-char -W -Wall -Werror=return-type -Werror=non-virtual-dtor -Werror=address -Werror=sequence-point -Wformat -Werror=format-security -Winit-self -Wpointer-arith -Wuninitialized -Wsuggest-override -Wno-delete-non-virtual-dtor -Wno-comment -Wimplicit-fallthrough=3 -Wno-strict-overflow -fdiagnostics-show-option -Wno-long-long -pthread -fomit-frame-pointer -ffunction-sections -fdata-sections  -msse -msse2 -msse3 -fvisibility=hidden -fvisibility-inlines-hidden -Wno-deprecated -Wno-missing-declarations -Wno-shadow -Wno-unused-parameter -Wno-unused-local-typedefs -Wno-sign-compare -Wno-sign-promo -Wno-undef  -O3 -DNDEBUG  -DNDEBUG -fPIE    -Wno-tautological-undefined-compare -o CMakeFiles/cmTC_3d373.dir/src.cxx.o -c /home/luoyu/Computer_Vision__Basis/opencv3/build/CMakeFiles/CMakeTmp/src.cxx
/home/luoyu/Computer_Vision__Basis/opencv3/build/CMakeFiles/CMakeTmp/src.cxx:1: warning: ignoring ‘#pragma  ’ [-Wunknown-pragmas]
    1 | #pragma
      | 
cc1plus: note: unrecognized command-line option ‘-Wno-tautological-undefined-compare’ may have been intended to silence earlier diagnostics
Linking CXX executable cmTC_3d373
/usr/bin/cmake -E cmake_link_script CMakeFiles/cmTC_3d373.dir/link.txt --verbose=1
/usr/bin/c++    -fsigned-char -W -Wall -Werror=return-type -Werror=non-virtual-dtor -Werror=address -Werror=sequence-point -Wformat -Werror=format-security -Winit-self -Wpointer-arith -Wuninitialized -Wsuggest-override -Wno-delete-non-virtual-dtor -Wno-comment -Wimplicit-fallthrough=3 -Wno-strict-overflow -fdiagnostics-show-option -Wno-long-long -pthread -fomit-frame-pointer -ffunction-sections -fdata-sections  -msse -msse2 -msse3 -fvisibility=hidden -fvisibility-inlines-hidden -Wno-deprecated -Wno-missing-declarations -Wno-shadow -Wno-unused-parameter -Wno-unused-local-typedefs -Wno-sign-compare -Wno-sign-promo -Wno-undef  -O3 -DNDEBUG  -DNDEBUG   -Wl,--gc-sections -Wl,--as-needed  -rdynamic CMakeFiles/cmTC_3d373.dir/src.cxx.o -o cmTC_3d373 
gmake[1]: 离开目录“/home/luoyu/Computer_Vision__Basis/opencv3/build/CMakeFiles/CMakeTmp”


===== END =====

Build output check failed:
    Regex: 'unrecognized .*option'
    Output line: 'cc1plus: note: unrecognized command-line option ‘-Wno-shorten-64-to-32’ may have been intended to silence earlier diagnostics'
Compilation failed:
    source file: '/home/luoyu/Computer_Vision__Basis/opencv3/build/CMakeFiles/CMakeTmp/src.cxx'
    check option: ' -Wno-shorten-64-to-32'
===== BUILD LOG =====
Change Dir: /home/luoyu/Computer_Vision__Basis/opencv3/build/CMakeFiles/CMakeTmp

Run Build Command(s):/usr/bin/gmake -f Makefile cmTC_e501d/fast && /usr/bin/gmake  -f CMakeFiles/cmTC_e501d.dir/build.make CMakeFiles/cmTC_e501d.dir/build
gmake[1]: 进入目录“/home/luoyu/Computer_Vision__Basis/opencv3/build/CMakeFiles/CMakeTmp”
Building CXX object CMakeFiles/cmTC_e501d.dir/src.cxx.o
/usr/bin/c++   -fsigned-char -W -Wall -Werror=return-type -Werror=non-virtual-dtor -Werror=address -Werror=sequence-point -Wformat -Werror=format-security -Winit-self -Wpointer-arith -Wuninitialized -Wsuggest-override -Wno-delete-non-virtual-dtor -Wno-comment -Wimplicit-fallthrough=3 -Wno-strict-overflow -fdiagnostics-show-option -Wno-long-long -pthread -fomit-frame-pointer -ffunction-sections -fdata-sections  -msse -msse2 -msse3 -fvisibility=hidden -fvisibility-inlines-hidden -Wno-deprecated -Wno-missing-declarations -Wno-shadow -Wno-unused-parameter -Wno-unused-local-typedefs -Wno-sign-compare -Wno-sign-promo -Wno-undef -Wno-ignored-qualifiers -Wno-extra -Wno-unused-function -Wno-unused-const-variable  -O3 -DNDEBUG  -DNDEBUG -fPIE    -Wno-shorten-64-to-32 -o CMakeFiles/cmTC_e501d.dir/src.cxx.o -c /home/luoyu/Computer_Vision__Basis/opencv3/build/CMakeFiles/CMakeTmp/src.cxx
/home/luoyu/Computer_Vision__Basis/opencv3/build/CMakeFiles/CMakeTmp/src.cxx:1: warning: ignoring ‘#pragma  ’ [-Wunknown-pragmas]
    1 | #pragma
      | 
cc1plus: note: unrecognized command-line option ‘-Wno-shorten-64-to-32’ may have been intended to silence earlier diagnostics
Linking CXX executable cmTC_e501d
/usr/bin/cmake -E cmake_link_script CMakeFiles/cmTC_e501d.dir/link.txt --verbose=1
/usr/bin/c++    -fsigned-char -W -Wall -Werror=return-type -Werror=non-virtual-dtor -Werror=address -Werror=sequence-point -Wformat -Werror=format-security -Winit-self -Wpointer-arith -Wuninitialized -Wsuggest-override -Wno-delete-non-virtual-dtor -Wno-comment -Wimplicit-fallthrough=3 -Wno-strict-overflow -fdiagnostics-show-option -Wno-long-long -pthread -fomit-frame-pointer -ffunction-sections -fdata-sections  -msse -msse2 -msse3 -fvisibility=hidden -fvisibility-inlines-hidden -Wno-deprecated -Wno-missing-declarations -Wno-shadow -Wno-unused-parameter -Wno-unused-local-typedefs -Wno-sign-compare -Wno-sign-promo -Wno-undef -Wno-ignored-qualifiers -Wno-extra -Wno-unused-function -Wno-unused-const-variable  -O3 -DNDEBUG  -DNDEBUG   -Wl,--gc-sections -Wl,--as-needed  -rdynamic CMakeFiles/cmTC_e501d.dir/src.cxx.o -o cmTC_e501d 
gmake[1]: 离开目录“/home/luoyu/Computer_Vision__Basis/opencv3/build/CMakeFiles/CMakeTmp”


===== END =====

Build output check failed:
    Regex: 'unrecognized .*option'
    Output line: 'cc1plus: note: unrecognized command-line option ‘-Wno-enum-compare-switch’ may have been intended to silence earlier diagnostics'
Compilation failed:
    source file: '/home/luoyu/Computer_Vision__Basis/opencv3/build/CMakeFiles/CMakeTmp/src.cxx'
    check option: ' -Wno-enum-compare-switch'
===== BUILD LOG =====
Change Dir: /home/luoyu/Computer_Vision__Basis/opencv3/build/CMakeFiles/CMakeTmp

Run Build Command(s):/usr/bin/gmake -f Makefile cmTC_4f2e7/fast && /usr/bin/gmake  -f CMakeFiles/cmTC_4f2e7.dir/build.make CMakeFiles/cmTC_4f2e7.dir/build
gmake[1]: 进入目录“/home/luoyu/Computer_Vision__Basis/opencv3/build/CMakeFiles/CMakeTmp”
Building CXX object CMakeFiles/cmTC_4f2e7.dir/src.cxx.o
/usr/bin/c++   -fsigned-char -W -Wall -Werror=return-type -Werror=non-virtual-dtor -Werror=address -Werror=sequence-point -Wformat -Werror=format-security -Winit-self -Wpointer-arith -Wuninitialized -Wsuggest-override -Wno-delete-non-virtual-dtor -Wno-comment -Wimplicit-fallthrough=3 -Wno-strict-overflow -fdiagnostics-show-option -Wno-long-long -pthread -fomit-frame-pointer -ffunction-sections -fdata-sections  -msse -msse2 -msse3 -fvisibility=hidden -fvisibility-inlines-hidden -Wno-deprecated -Wno-missing-declarations -Wno-shadow -Wno-unused-parameter -Wno-unused-local-typedefs -Wno-sign-compare -Wno-sign-promo -Wno-undef -Wno-ignored-qualifiers -Wno-extra -Wno-unused-function -Wno-unused-const-variable -Wno-invalid-offsetof  -O3 -DNDEBUG  -DNDEBUG -fPIE    -Wno-enum-compare-switch -o CMakeFiles/cmTC_4f2e7.dir/src.cxx.o -c /home/luoyu/Computer_Vision__Basis/opencv3/build/CMakeFiles/CMakeTmp/src.cxx
/home/luoyu/Computer_Vision__Basis/opencv3/build/CMakeFiles/CMakeTmp/src.cxx:1: warning: ignoring ‘#pragma  ’ [-Wunknown-pragmas]
    1 | #pragma
      | 
cc1plus: note: unrecognized command-line option ‘-Wno-enum-compare-switch’ may have been intended to silence earlier diagnostics
Linking CXX executable cmTC_4f2e7
/usr/bin/cmake -E cmake_link_script CMakeFiles/cmTC_4f2e7.dir/link.txt --verbose=1
/usr/bin/c++    -fsigned-char -W -Wall -Werror=return-type -Werror=non-virtual-dtor -Werror=address -Werror=sequence-point -Wformat -Werror=format-security -Winit-self -Wpointer-arith -Wuninitialized -Wsuggest-override -Wno-delete-non-virtual-dtor -Wno-comment -Wimplicit-fallthrough=3 -Wno-strict-overflow -fdiagnostics-show-option -Wno-long-long -pthread -fomit-frame-pointer -ffunction-sections -fdata-sections  -msse -msse2 -msse3 -fvisibility=hidden -fvisibility-inlines-hidden -Wno-deprecated -Wno-missing-declarations -Wno-shadow -Wno-unused-parameter -Wno-unused-local-typedefs -Wno-sign-compare -Wno-sign-promo -Wno-undef -Wno-ignored-qualifiers -Wno-extra -Wno-unused-function -Wno-unused-const-variable -Wno-invalid-offsetof  -O3 -DNDEBUG  -DNDEBUG   -Wl,--gc-sections -Wl,--as-needed  -rdynamic CMakeFiles/cmTC_4f2e7.dir/src.cxx.o -o cmTC_4f2e7 
gmake[1]: 离开目录“/home/luoyu/Computer_Vision__Basis/opencv3/build/CMakeFiles/CMakeTmp”


===== END =====

